{"content": {"suites": {"0": {"status": {"total_pass": 1, "total_skip": 0, "total_xpass": 0, "total_xfail": 0, "total_rerun": 0, "total_fail": 0, "total_error": 0}, "tests": {"0": {"status": "PASS", "message": "", "test_name": "test_Contact_Us", "rerun": "0"}}, "suite_name": "tests/test_TestCases_page.py"}, "1": {"suite_name": "tests/test_accountCreation_page.py", "tests": {"0": {"status": "FAIL", "message": "   selenium.common.exceptions.TimeoutException: Message: \n   Stacktrace:\n   \tGetHandleVerifier [0x00007FF6529CBC72+60738]\n   \tMicrosoft::Applications::Events::ILogConfiguration::operator* [0x00007FF652957F12+233106]\n   \t(No symbol) [0x00007FF65276AE0B]\n   \t(No symbol) [0x00007FF6527BA947]\n   \t(No symbol) [0x00007FF6527BAA55]\n   \t(No symbol) [0x00007FF6527FC277]\n   \t(No symbol) [0x00007FF6527DC60F]\n   \t(No symbol) [0x00007FF6527AE201]\n   \t(No symbol) [0x00007FF6527F9528]\n   \t(No symbol) [0x00007FF6527DC233]\n   \t(No symbol) [0x00007FF6527AD568]\n   \t(No symbol) [0x00007FF6527AC394]\n   \t(No symbol) [0x00007FF6527AD101]\n   \tMicrosoft::Applications::Events::EventProperty::to_string [0x00007FF652B887BC+1074636]\n   \t(No symbol) [0x00007FF652830F45]\n   \t(No symbol) [0x00007FF6528C8F6C]\n   \t(No symbol) [0x00007FF6528C0A5D]\n   \tMicrosoft::Applications::Events::EventProperty::to_string [0x00007FF652B87203+1069075]\n   \tMicrosoft::Applications::Events::ILogConfiguration::operator* [0x00007FF652961E68+273896]\n   \tMicrosoft::Applications::Events::ILogConfiguration::operator* [0x00007FF65295CB74+252660]\n   \tMicrosoft::Applications::Events::ILogConfiguration::operator* [0x00007FF65295CCA2+252962]\n   \tMicrosoft::Applications::Events::ILogConfiguration::operator* [0x00007FF6529532A1+213537]\n   \tBaseThreadInitThunk [0x00007FFAB6517344+20]\n   \tRtlUserThreadStart [0x00007FFAB7B426B1+33]\n", "test_name": "test_accountCreation", "rerun": "0"}}, "status": {"total_pass": 0, "total_skip": 0, "total_xpass": 0, "total_xfail": 0, "total_rerun": 0, "total_fail": 1, "total_error": 0}}, "2": {"suite_name": "tests/test_contact_us_page.py", "tests": {"0": {"status": "FAIL", "message": "   AttributeError: 'NoneType' object has no attribute 'encode'\n", "test_name": "test_Contact_Us", "rerun": "0"}}, "status": {"total_pass": 0, "total_skip": 0, "total_xpass": 0, "total_xfail": 0, "total_rerun": 0, "total_fail": 1, "total_error": 0}}, "3": {"suite_name": "tests/test_home_page.py", "tests": {"0": {"status": "PASS", "message": "", "test_name": "test_homepage", "rerun": "0"}}, "status": {"total_pass": 1, "total_skip": 0, "total_xpass": 0, "total_xfail": 0, "total_rerun": 0, "total_fail": 0, "total_error": 0}}, "4": {"suite_name": "tests/test_productDetails_page.py", "tests": {"0": {"status": "FAIL", "message": "   selenium.common.exceptions.ElementClickInterceptedException: Message: element click intercepted: Element <a href=\"/product_details/1\" style=\"color: brown;\">...</a> is not clickable at point (794, 900). Other element would receive the click: <iframe id=\"aswift_2\" name=\"aswift_2\" style=\"width: 1005px !important; height: 124px !important; display: block; margin: 0px auto;\" sandbox=\"allow-forms allow-popups allow-popups-to-escape-sandbox allow-same-origin allow-scripts allow-top-navigation-by-user-activation\" width=\"1005\" height=\"124\" frameborder=\"0\" marginwidth=\"0\" marginheight=\"0\" vspace=\"0\" hspace=\"0\" allowtransparency=\"true\" scrolling=\"no\" src=\"https://googleads.g.doubleclick.net/pagead/html/r20240207/r20110914/zrt_lookup_fy2021.html?fsb=1#RS-3-&amp;adk=1812271801&amp;client=ca-pub-1677597403311019&amp;fa=1&amp;ifi=3&amp;uci=a!3&amp;btvi=1\" data-google-container-id=\"a!3\" data-google-query-id=\"CLPK7tyBnoQDFbxVnQkd3a8DCQ\" data-load-complete=\"true\"></iframe>\n     (Session info: MicrosoftEdge=121.0.2277.106)\n   Stacktrace:\n   \tGetHandleVerifier [0x00007FF6529CBC72+60738]\n   \tMicrosoft::Applications::Events::ILogConfiguration::operator* [0x00007FF652957F12+233106]\n   \t(No symbol) [0x00007FF65276AE0B]\n   \t(No symbol) [0x00007FF6527C22BD]\n   \t(No symbol) [0x00007FF6527BFD89]\n   \t(No symbol) [0x00007FF6527BD4F3]\n   \t(No symbol) [0x00007FF6527BC6B4]\n   \t(No symbol) [0x00007FF6527AE851]\n   \t(No symbol) [0x00007FF6527DC5CA]\n   \t(No symbol) [0x00007FF6527AE201]\n   \t(No symbol) [0x00007FF6527AE0AD]\n   \t(No symbol) [0x00007FF6527DC8B0]\n   \t(No symbol) [0x00007FF6527AE201]\n   \t(No symbol) [0x00007FF6527F9528]\n   \t(No symbol) [0x00007FF6527DC233]\n   \t(No symbol) [0x00007FF6527AD568]\n   \t(No symbol) [0x00007FF6527AC394]\n   \t(No symbol) [0x00007FF6527AD101]\n   \tMicrosoft::Applications::Events::EventProperty::to_string [0x00007FF652B887BC+1074636]\n   \t(No symbol) [0x00007FF652830F45]\n   \t(No symbol) [0x00007FF6528C8F6C]\n   \t(No symbol) [0x00007FF6528C0A5D]\n   \tMicrosoft::Applications::Events::EventProperty::to_string [0x00007FF652B87203+1069075]\n   \tMicrosoft::Applications::Events::ILogConfiguration::operator* [0x00007FF652961E68+273896]\n   \tMicrosoft::Applications::Events::ILogConfiguration::operator* [0x00007FF65295CB74+252660]\n   \tMicrosoft::Applications::Events::ILogConfiguration::operator* [0x00007FF65295CCA2+252962]\n   \tMicrosoft::Applications::Events::ILogConfiguration::operator* [0x00007FF6529532A1+213537]\n   \tBaseThreadInitThunk [0x00007FFAB6517344+20]\n   \tRtlUserThreadStart [0x00007FFAB7B426B1+33]\n", "test_name": "test_Product_details", "rerun": "0"}}, "status": {"total_pass": 0, "total_skip": 0, "total_xpass": 0, "total_xfail": 0, "total_rerun": 0, "total_fail": 1, "total_error": 0}}, "5": {"suite_name": "tests/test_registered_email_page.py", "tests": {"0": {"status": "PASS", "message": "", "test_name": "test_Registered_email", "rerun": "0"}}, "status": {"total_pass": 1, "total_skip": 0, "total_xpass": 0, "total_xfail": 0, "total_rerun": 0, "total_fail": 0, "total_error": 0}}, "6": {"suite_name": "tests/test_searchProduct_page.py", "tests": {"0": {"status": "PASS", "message": "", "test_name": "test_Search_Product", "rerun": "0"}}, "status": {"total_pass": 1, "total_skip": 0, "total_xpass": 0, "total_xfail": 0, "total_rerun": 0, "total_fail": 0, "total_error": 0}}, "7": {"suite_name": "tests/test_signup_page.py", "tests": {"0": {"status": "PASS", "message": "", "test_name": "test_signup", "rerun": "0"}}, "status": {"total_pass": 1, "total_skip": 0, "total_xpass": 0, "total_xfail": 0, "total_rerun": 0, "total_fail": 0, "total_error": 0}}}}, "date": "February 09, 2024", "start_time": 1707473361.4387221, "total_suite": 8, "status": "FAIL", "status_list": {"pass": "5", "fail": "3", "skip": "0", "error": "0", "xpass": "0", "xfail": "0", "rerun": "0"}, "total_tests": "8"}